[2022-11-09T00:42:11.385] [ERROR] error - RestException [Error]: Authenticate
    at success (C:\Users\Tomy puto\Desktop\Nueva carpeta\node_modules\twilio\lib\base\Version.js:135:15)
    at Promise_then_fulfilled (C:\Users\Tomy puto\Desktop\Nueva carpeta\node_modules\q\q.js:766:44)
    at Promise_done_fulfilled (C:\Users\Tomy puto\Desktop\Nueva carpeta\node_modules\q\q.js:835:31)
    at Fulfilled_dispatch [as dispatch] (C:\Users\Tomy puto\Desktop\Nueva carpeta\node_modules\q\q.js:1229:9)
    at Pending_become_eachMessage_task (C:\Users\Tomy puto\Desktop\Nueva carpeta\node_modules\q\q.js:1369:30)
    at RawTask.call (C:\Users\Tomy puto\Desktop\Nueva carpeta\node_modules\asap\asap.js:40:19)
    at flush (C:\Users\Tomy puto\Desktop\Nueva carpeta\node_modules\asap\raw.js:50:29)
    at processTicksAndRejections (node:internal/process/task_queues:78:11) {
  status: 401,
  code: 20003,
  moreInfo: 'https://www.twilio.com/docs/errors/20003',
  details: undefined
}
[2022-11-09T00:46:28.035] [ERROR] error - RestException [Error]: Authenticate
    at success (C:\Users\Tomy puto\Desktop\Nueva carpeta\node_modules\twilio\lib\base\Version.js:135:15)
    at Promise_then_fulfilled (C:\Users\Tomy puto\Desktop\Nueva carpeta\node_modules\q\q.js:766:44)
    at Promise_done_fulfilled (C:\Users\Tomy puto\Desktop\Nueva carpeta\node_modules\q\q.js:835:31)
    at Fulfilled_dispatch [as dispatch] (C:\Users\Tomy puto\Desktop\Nueva carpeta\node_modules\q\q.js:1229:9)
    at Pending_become_eachMessage_task (C:\Users\Tomy puto\Desktop\Nueva carpeta\node_modules\q\q.js:1369:30)
    at RawTask.call (C:\Users\Tomy puto\Desktop\Nueva carpeta\node_modules\asap\asap.js:40:19)
    at flush (C:\Users\Tomy puto\Desktop\Nueva carpeta\node_modules\asap\raw.js:50:29)
    at processTicksAndRejections (node:internal/process/task_queues:78:11) {
  status: 401,
  code: 20003,
  moreInfo: 'https://www.twilio.com/docs/errors/20003',
  details: undefined
}
